<?xml version="1.0" encoding="UTF-8"?>
<!-- Generated by org.testng.reporters.JUnitReportReporter -->
<testsuite skipped="0" hostname="LAPTOP-FT1A29EQ" name="dictionary.WordResolver" tests="6" failures="0" timestamp="2021-03-26T09:26:03 EDT" time="0.046" errors="0">
  <testcase name="alphanumericWords" time="0.030" classname="dictionary.WordResolver"/>
  <testcase name="capitalLetters" time="0.003" classname="dictionary.WordResolver"/>
  <testcase name="emptyCharacter" time="0.003" classname="dictionary.WordResolver"/>
  <testcase name="specialChar" time="0.003" classname="dictionary.WordResolver"/>
  <testcase name="matchWords" time="0.004" classname="dictionary.WordResolver"/>
  <testcase name="matchnullWords" time="0.003" classname="dictionary.WordResolver"/>
</testsuite> <!-- dictionary.WordResolver -->
